0 info it worked if it ends with ok
1 verbose cli [ '/usr/local/bin/node', '/usr/local/bin/npm', 'publish' ]
2 info using npm@1.3.11
3 info using node@v0.10.21
4 verbose publish [ '.' ]
5 verbose cache add [ '.', null ]
6 verbose cache add name=undefined spec="." args=[".",null]
7 verbose parsed url { protocol: null,
7 verbose parsed url   slashes: null,
7 verbose parsed url   auth: null,
7 verbose parsed url   host: null,
7 verbose parsed url   port: null,
7 verbose parsed url   hostname: null,
7 verbose parsed url   hash: null,
7 verbose parsed url   search: null,
7 verbose parsed url   query: null,
7 verbose parsed url   pathname: '.',
7 verbose parsed url   path: '.',
7 verbose parsed url   href: '.' }
8 silly lockFile 3a52ce78- .
9 verbose lock . /home/wuminghan/.npm/3a52ce78-.lock
10 verbose tar pack [ '/home/wuminghan/tmp/npm-1342-y4omZXI8/1393321594540-0.9727202712092549/tmp.tgz',
10 verbose tar pack   '.' ]
11 verbose tarball /home/wuminghan/tmp/npm-1342-y4omZXI8/1393321594540-0.9727202712092549/tmp.tgz
12 verbose folder .
13 silly lockFile 1f1177db-tar tar://.
14 verbose lock tar://. /home/wuminghan/.npm/1f1177db-tar.lock
15 silly lockFile 13fc5d20-94540-0-9727202712092549-tmp-tgz tar:///home/wuminghan/tmp/npm-1342-y4omZXI8/1393321594540-0.9727202712092549/tmp.tgz
16 verbose lock tar:///home/wuminghan/tmp/npm-1342-y4omZXI8/1393321594540-0.9727202712092549/tmp.tgz /home/wuminghan/.npm/13fc5d20-94540-0-9727202712092549-tmp-tgz.lock
17 silly lockFile 1f1177db-tar tar://.
18 silly lockFile 1f1177db-tar tar://.
19 silly lockFile 13fc5d20-94540-0-9727202712092549-tmp-tgz tar:///home/wuminghan/tmp/npm-1342-y4omZXI8/1393321594540-0.9727202712092549/tmp.tgz
20 silly lockFile 13fc5d20-94540-0-9727202712092549-tmp-tgz tar:///home/wuminghan/tmp/npm-1342-y4omZXI8/1393321594540-0.9727202712092549/tmp.tgz
21 verbose tar unpack /home/wuminghan/tmp/npm-1342-y4omZXI8/1393321594540-0.9727202712092549/tmp.tgz
22 silly lockFile 9d2a07f8-94540-0-9727202712092549-package tar:///home/wuminghan/tmp/npm-1342-y4omZXI8/1393321594540-0.9727202712092549/package
23 verbose lock tar:///home/wuminghan/tmp/npm-1342-y4omZXI8/1393321594540-0.9727202712092549/package /home/wuminghan/.npm/9d2a07f8-94540-0-9727202712092549-package.lock
24 silly lockFile 13fc5d20-94540-0-9727202712092549-tmp-tgz tar:///home/wuminghan/tmp/npm-1342-y4omZXI8/1393321594540-0.9727202712092549/tmp.tgz
25 verbose lock tar:///home/wuminghan/tmp/npm-1342-y4omZXI8/1393321594540-0.9727202712092549/tmp.tgz /home/wuminghan/.npm/13fc5d20-94540-0-9727202712092549-tmp-tgz.lock
26 silly gunzTarPerm modes [ '755', '644' ]
27 silly gunzTarPerm extractEntry package.json
28 silly gunzTarPerm modified mode [ 'package.json', 436, 420 ]
29 silly gunzTarPerm extractEntry .npmignore
30 silly gunzTarPerm modified mode [ '.npmignore', 436, 420 ]
31 silly gunzTarPerm extractEntry README.md
32 silly gunzTarPerm modified mode [ 'README.md', 436, 420 ]
33 silly gunzTarPerm extractEntry index.js
34 silly gunzTarPerm modified mode [ 'index.js', 436, 420 ]
35 silly gunzTarPerm extractEntry README.md~
36 silly gunzTarPerm modified mode [ 'README.md~', 436, 420 ]
37 silly gunzTarPerm extractEntry lib/messageCenter.coffee
38 silly gunzTarPerm modified mode [ 'lib/messageCenter.coffee', 436, 420 ]
39 silly gunzTarPerm extractEntry test/mocha.coffee
40 silly gunzTarPerm modified mode [ 'test/mocha.coffee', 436, 420 ]
41 silly lockFile 9d2a07f8-94540-0-9727202712092549-package tar:///home/wuminghan/tmp/npm-1342-y4omZXI8/1393321594540-0.9727202712092549/package
42 silly lockFile 9d2a07f8-94540-0-9727202712092549-package tar:///home/wuminghan/tmp/npm-1342-y4omZXI8/1393321594540-0.9727202712092549/package
43 silly lockFile 13fc5d20-94540-0-9727202712092549-tmp-tgz tar:///home/wuminghan/tmp/npm-1342-y4omZXI8/1393321594540-0.9727202712092549/tmp.tgz
44 silly lockFile 13fc5d20-94540-0-9727202712092549-tmp-tgz tar:///home/wuminghan/tmp/npm-1342-y4omZXI8/1393321594540-0.9727202712092549/tmp.tgz
45 verbose tar pack [ '/home/wuminghan/.npm/message-center/0.0.9/package.tgz',
45 verbose tar pack   '/home/wuminghan/tmp/npm-1342-y4omZXI8/1393321594540-0.9727202712092549/package' ]
46 verbose tarball /home/wuminghan/.npm/message-center/0.0.9/package.tgz
47 verbose folder /home/wuminghan/tmp/npm-1342-y4omZXI8/1393321594540-0.9727202712092549/package
48 silly lockFile 9d2a07f8-94540-0-9727202712092549-package tar:///home/wuminghan/tmp/npm-1342-y4omZXI8/1393321594540-0.9727202712092549/package
49 verbose lock tar:///home/wuminghan/tmp/npm-1342-y4omZXI8/1393321594540-0.9727202712092549/package /home/wuminghan/.npm/9d2a07f8-94540-0-9727202712092549-package.lock
50 silly lockFile b4705e1a-message-center-0-0-9-package-tgz tar:///home/wuminghan/.npm/message-center/0.0.9/package.tgz
51 verbose lock tar:///home/wuminghan/.npm/message-center/0.0.9/package.tgz /home/wuminghan/.npm/b4705e1a-message-center-0-0-9-package-tgz.lock
52 silly lockFile 9d2a07f8-94540-0-9727202712092549-package tar:///home/wuminghan/tmp/npm-1342-y4omZXI8/1393321594540-0.9727202712092549/package
53 silly lockFile 9d2a07f8-94540-0-9727202712092549-package tar:///home/wuminghan/tmp/npm-1342-y4omZXI8/1393321594540-0.9727202712092549/package
54 silly lockFile b4705e1a-message-center-0-0-9-package-tgz tar:///home/wuminghan/.npm/message-center/0.0.9/package.tgz
55 silly lockFile b4705e1a-message-center-0-0-9-package-tgz tar:///home/wuminghan/.npm/message-center/0.0.9/package.tgz
56 silly lockFile 48ed2934-npm-message-center-0-0-9-package /home/wuminghan/.npm/message-center/0.0.9/package
57 verbose lock /home/wuminghan/.npm/message-center/0.0.9/package /home/wuminghan/.npm/48ed2934-npm-message-center-0-0-9-package.lock
58 silly lockFile 48ed2934-npm-message-center-0-0-9-package /home/wuminghan/.npm/message-center/0.0.9/package
59 silly lockFile 48ed2934-npm-message-center-0-0-9-package /home/wuminghan/.npm/message-center/0.0.9/package
60 verbose tar unpack /home/wuminghan/.npm/message-center/0.0.9/package.tgz
61 silly lockFile 4eb0c945-npm-message-center-0-0-9-package tar:///home/wuminghan/.npm/message-center/0.0.9/package
62 verbose lock tar:///home/wuminghan/.npm/message-center/0.0.9/package /home/wuminghan/.npm/4eb0c945-npm-message-center-0-0-9-package.lock
63 silly lockFile b4705e1a-message-center-0-0-9-package-tgz tar:///home/wuminghan/.npm/message-center/0.0.9/package.tgz
64 verbose lock tar:///home/wuminghan/.npm/message-center/0.0.9/package.tgz /home/wuminghan/.npm/b4705e1a-message-center-0-0-9-package-tgz.lock
65 silly gunzTarPerm modes [ '755', '644' ]
66 silly gunzTarPerm extractEntry package.json
67 silly gunzTarPerm extractEntry .npmignore
68 silly gunzTarPerm extractEntry README.md
69 silly gunzTarPerm extractEntry index.js
70 silly gunzTarPerm extractEntry README.md~
71 silly gunzTarPerm extractEntry lib/messageCenter.coffee
72 silly gunzTarPerm extractEntry test/mocha.coffee
73 silly lockFile 4eb0c945-npm-message-center-0-0-9-package tar:///home/wuminghan/.npm/message-center/0.0.9/package
74 silly lockFile 4eb0c945-npm-message-center-0-0-9-package tar:///home/wuminghan/.npm/message-center/0.0.9/package
75 silly lockFile b4705e1a-message-center-0-0-9-package-tgz tar:///home/wuminghan/.npm/message-center/0.0.9/package.tgz
76 silly lockFile b4705e1a-message-center-0-0-9-package-tgz tar:///home/wuminghan/.npm/message-center/0.0.9/package.tgz
77 verbose chmod /home/wuminghan/.npm/message-center/0.0.9/package.tgz 644
78 verbose chown /home/wuminghan/.npm/message-center/0.0.9/package.tgz [ 1000, 1000 ]
79 silly lockFile 3a52ce78- .
80 silly lockFile 3a52ce78- .
81 silly publish { name: 'message-center',
81 silly publish   version: '0.0.9',
81 silly publish   description: 'A common event based message center that can handle invoke/event',
81 silly publish   main: 'index.js',
81 silly publish   scripts: { test: 'mocha -R spec -b --compilers .coffee:coffee-script ./test/mocha.coffee' },
81 silly publish   keywords: [ 'rpc', 'message', 'event' ],
81 silly publish   dependencies: { 'coffee-script': '*' },
81 silly publish   devDependencies: { ws: '*' },
81 silly publish   author: { name: 'NStal' },
81 silly publish   license: 'MIT',
81 silly publish   readme: 'MessageCenter is a protocol independant RPC protocol base on json. It\'s a more human friendly protocol than machine friendly one, To use this protocol the underlying transfer layer should meet these requirements.\n\n1. Can send block of data.\n2. Each block of data should either be completely recieved without any mistake or completely droped.\n\nEach block of data is a JSON with some special field, I will describe it latter and let us see some example of using node-message-center with ws module a great websocket implementation in nodejs.\n\n# Install and test\n```bash\n# install\nnpm install message-center\n# test\n# you will need mocha to run the test\n# you can get mocha with (sudo) npm install -g mocha\ncd node_modules/message-center\nnpm test\n```\n\n```javascript\nWebSocket = require("ws");\nWebSocketServer = WebSocket.Server;\nMessageCenter = require("message-center");\n\nmcClientSide = new MessageCenter();\nmcServerSide = new MessageCenter();\n\nserver = new WebSocketServer({hostname:"localhost",port:12345})\nserver.on("connection",function(conn){\n    mcServerSide.setConnection(conn);\n    mcServerSide.invoke("whoAreYou",{key:"Any data",time:new Date(),buffer:new Buffer("hehe")},function(err,res){\n        console.log(res);\n    })\n})\n\nconnection = new WebSocket("ws://localhost:12345/");\nconnection.on("open",function(){\n    mcClientSide.setConnection(connection);\n})\nconnection.on("close",function(){\n    mcClientSide.unsetConnection();\n})\n\nmcClientSide.registerApi("whoAreYou",function(data,callback){\n    console.log("Date is reserved",data.time);\n    console.log("Buffer is reserved",data.buffer);\n    console.log("It\'s time to ask who YOU are")\n    callback(null,"I\'m client and I got your data "+JSON.stringify(data));\n    mcClientSide.invoke("areYouServer",null,function(err,data){\n        console.log("get response from server:",data);\n    })\n})\nmcServerSide.registerApi("areYouServer",function(data,callback){\n    callback(null,"I\'m server and I got your data "+JSON.stringify(data));\n})\n\n```\n\nMessageCenter has a default time out of 60s, if you don`t like it you can set it manually.\n```javascript\nvar invoke = mcClientSide.invoke("delayReturn",5000,function(err,data){\n    console.error(err,data);\n    console.assert(err.message === "timeout");\n})\ninvoke.timeout(3000);\n//or set for all invokes\nmcClientSide.timeout = 3000;\n//every request has a 3000 timeout.\n```\n\nMessageCenter also support event dispatching without promising.\n```javascript\nmcServerSide.fireEvent("archive/update",{content:"Lorem Ipsum"})\n//Note here we have a "event/" prefix so we don\'t always conflict with local events by accidents.\nmcClientSide.on("event/archive/update",function(data){\n    console.log("get data",data,"from event archive/update");\n})\n```\n\n',
81 silly publish   readmeFilename: 'README.md',
81 silly publish   _id: 'message-center@0.0.9',
81 silly publish   dist: { shasum: '5a86d7ae809b260d02ed046fa65b258e89cad03e' },
81 silly publish   _from: '.' }
82 verbose url raw message-center
83 verbose url resolving [ 'https://registry.npmjs.org/', './message-center' ]
84 verbose url resolved https://registry.npmjs.org/message-center
85 info trying registry request attempt 1 at 17:46:34
86 http PUT https://registry.npmjs.org/message-center
87 http 403 https://registry.npmjs.org/message-center
88 info trying registry request attempt 1 at 17:46:40
89 http PUT https://registry.npmjs.org/message-center
90 http 201 https://registry.npmjs.org/message-center
91 verbose url raw message-center
92 verbose url resolving [ 'https://registry.npmjs.org/', './message-center' ]
93 verbose url resolved https://registry.npmjs.org/message-center
94 info trying registry request attempt 1 at 17:46:49
95 http GET https://registry.npmjs.org/message-center
96 http 200 https://registry.npmjs.org/message-center
97 error publish fail Cannot publish over existing version.
97 error publish fail Update the 'version' field in package.json and try again.
97 error publish fail
97 error publish fail If the previous version was published in error, see:
97 error publish fail     npm help unpublish
97 error publish fail
97 error publish fail To automatically increment version numbers, see:
97 error publish fail     npm help version
98 error System Linux 3.2.0-58-generic
99 error command "/usr/local/bin/node" "/usr/local/bin/npm" "publish"
100 error cwd /home/wuminghan/workspace/node-message-center
101 error node -v v0.10.21
102 error npm -v 1.3.11
103 error code EPUBLISHCONFLICT
104 verbose exit [ 1, true ]
